<?xml version="1.0" encoding="UTF-8"?>
<testng-results ignored="0" total="2" passed="2" failed="0" skipped="0">
  <reporter-output>
  </reporter-output>
  <suite started-at="2023-07-07T15:32:50 IST" name="Suite" finished-at="2023-07-07T15:33:14 IST" duration-ms="24093">
    <groups>
    </groups>
    <test started-at="2023-07-07T15:32:50 IST" name="Test" finished-at="2023-07-07T15:33:14 IST" duration-ms="24093">
      <class name="com.qa.test.Test2">
        <test-method signature="searchTest()[pri:0, instance:com.qa.test.Test2@4c48fe92]" started-at="2023-07-07T15:32:50 IST" name="searchTest" finished-at="2023-07-07T15:33:06 IST" duration-ms="15796" status="PASS">
          <reporter-output>
          </reporter-output>
        </test-method> <!-- searchTest -->
      </class> <!-- com.qa.test.Test2 -->
      <class name="com.qa.test.Test1">
        <test-method signature="titleTest()[pri:0, instance:com.qa.test.Test1@39e43310]" started-at="2023-07-07T15:33:06 IST" name="titleTest" finished-at="2023-07-07T15:33:14 IST" duration-ms="7874" status="PASS">
          <reporter-output>
          </reporter-output>
        </test-method> <!-- titleTest -->
      </class> <!-- com.qa.test.Test1 -->
    </test> <!-- Test -->
  </suite> <!-- Suite -->
</testng-results>
