<?xml version="1.0" encoding="UTF-8"?>
<testng-results ignored="0" total="1" passed="1" failed="0" skipped="0">
  <reporter-output>
  </reporter-output>
  <suite started-at="2023-07-07T14:49:43 IST" name="Default suite" finished-at="2023-07-07T14:49:53 IST" duration-ms="10233">
    <groups>
    </groups>
    <test started-at="2023-07-07T14:49:43 IST" name="Default test" finished-at="2023-07-07T14:49:53 IST" duration-ms="10233">
      <class name="com.qa.test.Test1">
        <test-method signature="titleTest()[pri:0, instance:com.qa.test.Test1@76ddd61a]" started-at="2023-07-07T14:49:43 IST" name="titleTest" finished-at="2023-07-07T14:49:53 IST" duration-ms="9980" status="PASS">
          <reporter-output>
          </reporter-output>
        </test-method> <!-- titleTest -->
      </class> <!-- com.qa.test.Test1 -->
    </test> <!-- Default test -->
  </suite> <!-- Default suite -->
</testng-results>
